[32m[OK](B[m zsh is already installed. Skipping...
[33m[NOTE](B[m Installing zsh-completions ...
Sync Explicit (1): zsh-completions-0.35.0-1
Sync Explicit (1): zsh-completions-0.35.0-1
resolving dependencies...
resolving dependencies...
looking for conflicting packages...
looking for conflicting packages...

Package (1)            New Version  Net Change  Download Size

extra/zsh-completions  0.35.0-1       1.34 MiB       0.25 MiB

Total Download Size:   0.25 MiB
Total Installed Size:  1.34 MiB

:: Proceed with installation? [Y/n] 
Package (1)            New Version  Net Change  Download Size

extra/zsh-completions  0.35.0-1       1.34 MiB       0.25 MiB

Total Download Size:   0.25 MiB
Total Installed Size:  1.34 MiB

:: Proceed with installation? [Y/n] 
:: Retrieving packages...

:: Retrieving packages...
 zsh-completions-0.35.0-1-any downloading...
checking keyring...
 zsh-completions-0.35.0-1-any downloading...
checking keyring...
checking package integrity...
checking package integrity...
loading package files...
loading package files...
checking for file conflicts...
checking for file conflicts...
checking available disk space...
checking available disk space...
:: Processing package changes...
installing zsh-completions...
:: Processing package changes...
installing zsh-completions...
:: Running post-transaction hooks...
(1/1) Arming ConditionNeedsUpdate...
:: Running post-transaction hooks...
(1/1) Arming ConditionNeedsUpdate...
[1A[K[32m[OK](B[m zsh-completions was installed.
[33m[NOTE](B[m Installing pokemon-colorscripts-git ...
AUR Explicit (1): pokemon-colorscripts-git-r112.0483c85b-2
AUR Explicit (1): pokemon-colorscripts-git-r112.0483c85b-2
:: [1m(1/1) Downloaded PKGBUILD: pokemon-colorscripts-git[0m
:: [1m(1/1) Downloaded PKGBUILD: pokemon-colorscripts-git[0m
  1 pokemon-colorscripts-git                 (Build Files Exist)
==> Packages to cleanBuild?
==> [N]one [A]ll [Ab]ort [I]nstalled [No]tInstalled or (1 2 3, 1-3, ^4)
==> 
  1 pokemon-colorscripts-git                 (Build Files Exist)
==> Diffs to show?
==> [N]one [A]ll [Ab]ort [I]nstalled [No]tInstalled or (1 2 3, 1-3, ^4)
==> 
  1 pokemon-colorscripts-git                 (Build Files Exist)
==> Packages to cleanBuild?
==> [N]one [A]ll [Ab]ort [I]nstalled [No]tInstalled or (1 2 3, 1-3, ^4)
==> 
  1 pokemon-colorscripts-git                 (Build Files Exist)
==> Diffs to show?
==> [N]one [A]ll [Ab]ort [I]nstalled [No]tInstalled or (1 2 3, 1-3, ^4)
==> 
==> Making package: pokemon-colorscripts-git r112.0483c85b-2 (و 23:13:57 ت 01 اپریل 2024)
==> Making package: pokemon-colorscripts-git r112.0483c85b-2 (و 23:13:57 ت 01 اپریل 2024)
==> Retrieving sources...
==> Retrieving sources...
  -> Cloning pokemon-colorscripts git repo...
  -> Cloning pokemon-colorscripts git repo...
Cloning into bare repository '/home/ahmad/.cache/yay/pokemon-colorscripts-git/pokemon-colorscripts'...
Cloning into bare repository '/home/ahmad/.cache/yay/pokemon-colorscripts-git/pokemon-colorscripts'...
==> WARNING: Skipping verification of source file PGP signatures.
==> WARNING: Skipping verification of source file PGP signatures.
==> Validating source files with sha256sums...
==> Validating source files with sha256sums...
    pokemon-colorscripts ...     pokemon-colorscripts ... Skipped
Skipped
:: [1m(1/1) Parsing SRCINFO: pokemon-colorscripts-git[0m
:: [1m(1/1) Parsing SRCINFO: pokemon-colorscripts-git[0m
==> Making package: pokemon-colorscripts-git r112.0483c85b-2 (و 23:14:07 ت 01 اپریل 2024)
==> Making package: pokemon-colorscripts-git r112.0483c85b-2 (و 23:14:07 ت 01 اپریل 2024)
==> Checking runtime dependencies...
==> Checking runtime dependencies...
==> Checking buildtime dependencies...
==> Checking buildtime dependencies...
==> Retrieving sources...
==> Retrieving sources...
  -> Updating pokemon-colorscripts git repo...
  -> Updating pokemon-colorscripts git repo...
==> Validating source files with sha256sums...
==> Validating source files with sha256sums...
    pokemon-colorscripts ...     pokemon-colorscripts ... Skipped
Skipped
==> Removing existing $srcdir/ directory...
==> Removing existing $srcdir/ directory...
==> Extracting sources...
==> Extracting sources...
  -> Creating working copy of pokemon-colorscripts git repo...
  -> Creating working copy of pokemon-colorscripts git repo...
Cloning into 'pokemon-colorscripts'...
Cloning into 'pokemon-colorscripts'...
done.
done.
==> Starting pkgver()...
==> Starting pkgver()...
==> Sources are ready.
==> Sources are ready.
==> Making package: pokemon-colorscripts-git r112.0483c85b-2 (و 23:14:11 ت 01 اپریل 2024)
==> Making package: pokemon-colorscripts-git r112.0483c85b-2 (و 23:14:11 ت 01 اپریل 2024)
==> Checking runtime dependencies...
==> Checking runtime dependencies...
==> Checking buildtime dependencies...
==> Checking buildtime dependencies...
==> WARNING: Using existing $srcdir/ tree
==> WARNING: Using existing $srcdir/ tree
==> Starting pkgver()...
==> Starting pkgver()...
==> Entering fakeroot environment...
==> Entering fakeroot environment...
==> Starting package()...
==> Starting package()...
==> Tidying install...
==> Tidying install...
  -> Removing libtool files...
  -> Removing libtool files...
  -> Purging unwanted files...
  -> Purging unwanted files...
  -> Removing static library files...
  -> Removing static library files...
  -> Stripping unneeded symbols from binaries and libraries...
  -> Stripping unneeded symbols from binaries and libraries...
  -> Compressing man and info pages...
  -> Compressing man and info pages...
==> Checking for packaging issues...
==> Checking for packaging issues...
==> Creating package "pokemon-colorscripts-git"...
==> Creating package "pokemon-colorscripts-git"...
  -> Generating .PKGINFO file...
  -> Generating .PKGINFO file...
  -> Generating .BUILDINFO file...
  -> Generating .BUILDINFO file...
  -> Generating .MTREE file...
  -> Generating .MTREE file...
  -> Compressing package...
  -> Compressing package...
==> Leaving fakeroot environment.
==> Leaving fakeroot environment.
==> Finished making: pokemon-colorscripts-git r112.0483c85b-2 (و 23:15:12 ت 01 اپریل 2024)
==> Finished making: pokemon-colorscripts-git r112.0483c85b-2 (و 23:15:12 ت 01 اپریل 2024)
==> Cleaning up...
==> Cleaning up...
loading packages...
resolving dependencies...
loading packages...
resolving dependencies...
looking for conflicting packages...
looking for conflicting packages...

Package (1)               New Version      Net Change

pokemon-colorscripts-git  r112.0483c85b-2   42.39 MiB

Total Installed Size:  42.39 MiB

:: Proceed with installation? [Y/n] 
checking keyring...
checking package integrity...
loading package files...
checking for file conflicts...

Package (1)               New Version      Net Change

pokemon-colorscripts-git  r112.0483c85b-2   42.39 MiB

Total Installed Size:  42.39 MiB

:: Proceed with installation? [Y/n] 
checking keyring...
checking package integrity...
loading package files...
checking for file conflicts...
checking available disk space...
checking available disk space...
:: Processing package changes...
installing pokemon-colorscripts-git...
:: Processing package changes...
installing pokemon-colorscripts-git...
:: Running post-transaction hooks...
(1/2) Arming ConditionNeedsUpdate...
:: Running post-transaction hooks...
(1/2) Arming ConditionNeedsUpdate...
(2/2) Updating executables in /usr/bin...
(2/2) Updating executables in /usr/bin...
[1A[K[32m[OK](B[m pokemon-colorscripts-git was installed.
Directory .oh-my-zsh already exists. Skipping re-installation.
[33m[NOTE](B[m Shell changed successfully to zsh.
