[33m[NOTE](B[m Installing base-devel ...
resolving dependencies...
resolving dependencies...
looking for conflicting packages...
looking for conflicting packages...

Packages (2) debugedit-5.0-5  base-devel-1-1

Total Download Size:   0.04 MiB
Total Installed Size:  0.10 MiB

:: Proceed with installation? [Y/n] 
Packages (2) debugedit-5.0-5  base-devel-1-1

Total Download Size:   0.04 MiB
Total Installed Size:  0.10 MiB

:: Proceed with installation? [Y/n] 
:: Retrieving packages...

:: Retrieving packages...
 debugedit-5.0-5-x86_64 downloading...
 base-devel-1-1-any downloading...
checking keyring...
 debugedit-5.0-5-x86_64 downloading...
 base-devel-1-1-any downloading...
checking keyring...
checking package integrity...
checking package integrity...
loading package files...
loading package files...
checking for file conflicts...
checking for file conflicts...
checking available disk space...
checking available disk space...
:: Processing package changes...
installing debugedit...
:: Processing package changes...
installing debugedit...
installing base-devel...
installing base-devel...
:: Running post-transaction hooks...
(1/2) Arming ConditionNeedsUpdate...
:: Running post-transaction hooks...
(1/2) Arming ConditionNeedsUpdate...
(2/2) Updating executables in /usr/bin...
(2/2) Updating executables in /usr/bin...
[32m[OK](B[m base-devel was installed.
