[33m[NOTE](B[m Installing xdg-desktop-portal-hyprland ...
Sync Explicit (1): xdg-desktop-portal-hyprland-1.3.1-6
Sync Explicit (1): xdg-desktop-portal-hyprland-1.3.1-6
resolving dependencies...
resolving dependencies...
looking for conflicting packages...
looking for conflicting packages...

Package (6)                        New Version  Net Change  Download Size

extra/geoclue                      2.7.1-2        1.55 MiB       0.22 MiB
extra/rtkit                        0.13-2         0.08 MiB       0.03 MiB
extra/sdbus-cpp                    1.5.0-3        0.73 MiB       0.20 MiB
extra/wlroots                      0.17.2-1       1.36 MiB       0.42 MiB
extra/xdg-desktop-portal           1.18.2-1       2.28 MiB       0.40 MiB
extra/xdg-desktop-portal-hyprland  1.3.1-6        0.48 MiB       0.18 MiB

Total Download Size:   1.45 MiB
Total Installed Size:  6.48 MiB

:: Proceed with installation? [Y/n] 
Package (6)                        New Version  Net Change  Download Size

extra/geoclue                      2.7.1-2        1.55 MiB       0.22 MiB
extra/rtkit                        0.13-2         0.08 MiB       0.03 MiB
extra/sdbus-cpp                    1.5.0-3        0.73 MiB       0.20 MiB
extra/wlroots                      0.17.2-1       1.36 MiB       0.42 MiB
extra/xdg-desktop-portal           1.18.2-1       2.28 MiB       0.40 MiB
extra/xdg-desktop-portal-hyprland  1.3.1-6        0.48 MiB       0.18 MiB

Total Download Size:   1.45 MiB
Total Installed Size:  6.48 MiB

:: Proceed with installation? [Y/n] 
:: Retrieving packages...

:: Retrieving packages...
 wlroots-0.17.2-1-x86_64 downloading...
 xdg-desktop-portal-1.18.2-1-x86_64 downloading...
 geoclue-2.7.1-2-x86_64 downloading...
 sdbus-cpp-1.5.0-3-x86_64 downloading...
 xdg-desktop-portal-hyprland-1.3.1-6-x86_64 downloading...
 rtkit-0.13-2-x86_64 downloading...
checking keyring...
 wlroots-0.17.2-1-x86_64 downloading...
 xdg-desktop-portal-1.18.2-1-x86_64 downloading...
 geoclue-2.7.1-2-x86_64 downloading...
 sdbus-cpp-1.5.0-3-x86_64 downloading...
 xdg-desktop-portal-hyprland-1.3.1-6-x86_64 downloading...
 rtkit-0.13-2-x86_64 downloading...
checking keyring...
checking package integrity...
checking package integrity...
loading package files...
loading package files...
checking for file conflicts...
checking for file conflicts...
checking available disk space...
checking available disk space...
:: Processing package changes...
installing sdbus-cpp...
:: Processing package changes...
installing sdbus-cpp...
installing wlroots...
installing wlroots...
Optional dependencies for wlroots
    xorg-xwayland: Xwayland support [installed]
installing geoclue...
Optional dependencies for wlroots
    xorg-xwayland: Xwayland support [installed]
installing geoclue...
Optional dependencies for geoclue
    libnotify: Demo Agent [installed]
installing rtkit...
Optional dependencies for geoclue
    libnotify: Demo Agent [installed]
installing rtkit...
installing xdg-desktop-portal...
installing xdg-desktop-portal...
Optional dependencies for xdg-desktop-portal
    xdg-desktop-portal-impl: Portal backends [pending]
installing xdg-desktop-portal-hyprland...
Optional dependencies for xdg-desktop-portal
    xdg-desktop-portal-impl: Portal backends [pending]
installing xdg-desktop-portal-hyprland...
Optional dependencies for xdg-desktop-portal-hyprland
    grim: required for the screenshot portal to function [installed]
    slurp: support for interactive mode for the screenshot portal [installed]
Optional dependencies for xdg-desktop-portal-hyprland
    grim: required for the screenshot portal to function [installed]
    slurp: support for interactive mode for the screenshot portal [installed]
:: Running post-transaction hooks...
(1/8) Creating system user accounts...
:: Running post-transaction hooks...
(1/8) Creating system user accounts...
Creating group 'geoclue' with GID 956.
Creating group 'geoclue' with GID 956.
Creating user 'geoclue' (Geoinformation service) with UID 956 and GID 956.
Creating user 'geoclue' (Geoinformation service) with UID 956 and GID 956.
Creating group 'rtkit' with GID 133.
Creating group 'rtkit' with GID 133.
Creating user 'rtkit' (RealtimeKit) with UID 133 and GID 133.
Creating user 'rtkit' (RealtimeKit) with UID 133 and GID 133.
(2/8) Reloading system manager configuration...
(2/8) Reloading system manager configuration...
(3/8) Reloading user manager configuration...
(3/8) Reloading user manager configuration...
(4/8) Creating temporary files...
(4/8) Creating temporary files...
(5/8) Arming ConditionNeedsUpdate...
(5/8) Arming ConditionNeedsUpdate...
(6/8) Updating executables in /usr/bin...
(6/8) Updating executables in /usr/bin...
(7/8) Reloading system bus configuration...
(7/8) Reloading system bus configuration...
(8/8) Updating the desktop file MIME type cache...
(8/8) Updating the desktop file MIME type cache...
[1A[K[32m[OK](B[m xdg-desktop-portal-hyprland was installed.
[33m[NOTE](B[m Installing xdg-desktop-portal-gtk ...
Sync Explicit (1): xdg-desktop-portal-gtk-1.15.1-1
Sync Explicit (1): xdg-desktop-portal-gtk-1.15.1-1
resolving dependencies...
resolving dependencies...
looking for conflicting packages...
looking for conflicting packages...

Package (1)                   New Version  Net Change  Download Size

extra/xdg-desktop-portal-gtk  1.15.1-1       0.45 MiB       0.11 MiB

Total Download Size:   0.11 MiB
Total Installed Size:  0.45 MiB

:: Proceed with installation? [Y/n] 
Package (1)                   New Version  Net Change  Download Size

extra/xdg-desktop-portal-gtk  1.15.1-1       0.45 MiB       0.11 MiB

Total Download Size:   0.11 MiB
Total Installed Size:  0.45 MiB

:: Proceed with installation? [Y/n] 
:: Retrieving packages...

:: Retrieving packages...
 xdg-desktop-portal-gtk-1.15.1-1-x86_64 downloading...
checking keyring...
 xdg-desktop-portal-gtk-1.15.1-1-x86_64 downloading...
checking keyring...
checking package integrity...
checking package integrity...
loading package files...
loading package files...
checking for file conflicts...
checking for file conflicts...
checking available disk space...
checking available disk space...
:: Processing package changes...
installing xdg-desktop-portal-gtk...
:: Processing package changes...
installing xdg-desktop-portal-gtk...
Optional dependencies for xdg-desktop-portal-gtk
    evince: Print preview
Optional dependencies for xdg-desktop-portal-gtk
    evince: Print preview
:: Running post-transaction hooks...
(1/3) Reloading user manager configuration...
:: Running post-transaction hooks...
(1/3) Reloading user manager configuration...
(2/3) Arming ConditionNeedsUpdate...
(2/3) Arming ConditionNeedsUpdate...
(3/3) Updating the desktop file MIME type cache...
(3/3) Updating the desktop file MIME type cache...
[1A[K[32m[OK](B[m xdg-desktop-portal-gtk was installed.
