[33m[NOTE](B[m Installing hyprland ...
Sync Explicit (1): hyprland-0.37.1-2
Sync Explicit (1): hyprland-0.37.1-2
resolving dependencies...
resolving dependencies...
looking for conflicting packages...
looking for conflicting packages...

Package (10)                    New Version  Net Change  Download Size

extra/hyprcursor                0.1.5-1        0.22 MiB       0.09 MiB
extra/hyprlang                  0.5.0-1        0.20 MiB       0.08 MiB
extra/libdisplay-info           0.1.1-3        0.33 MiB       0.10 MiB
extra/libliftoff                0.4.1-1        0.04 MiB       0.02 MiB
extra/libzip                    1.10.1-1       0.46 MiB       0.25 MiB
extra/seatd                     0.8.0-1        0.11 MiB       0.04 MiB
extra/tomlplusplus              3.4.0-1        0.85 MiB       0.17 MiB
extra/vulkan-validation-layers  1.3.275-1    586.71 MiB     142.10 MiB
extra/xcb-util-errors           1.0.1-1        0.05 MiB       0.01 MiB
extra/hyprland                  0.37.1-2      52.05 MiB      46.10 MiB

Total Download Size:   188.95 MiB
Total Installed Size:  641.01 MiB

:: Proceed with installation? [Y/n] 
Package (10)                    New Version  Net Change  Download Size

extra/hyprcursor                0.1.5-1        0.22 MiB       0.09 MiB
extra/hyprlang                  0.5.0-1        0.20 MiB       0.08 MiB
extra/libdisplay-info           0.1.1-3        0.33 MiB       0.10 MiB
extra/libliftoff                0.4.1-1        0.04 MiB       0.02 MiB
extra/libzip                    1.10.1-1       0.46 MiB       0.25 MiB
extra/seatd                     0.8.0-1        0.11 MiB       0.04 MiB
extra/tomlplusplus              3.4.0-1        0.85 MiB       0.17 MiB
extra/vulkan-validation-layers  1.3.275-1    586.71 MiB     142.10 MiB
extra/xcb-util-errors           1.0.1-1        0.05 MiB       0.01 MiB
extra/hyprland                  0.37.1-2      52.05 MiB      46.10 MiB

Total Download Size:   188.95 MiB
Total Installed Size:  641.01 MiB

:: Proceed with installation? [Y/n] 
:: Retrieving packages...

:: Retrieving packages...
 vulkan-validation-layers-1.3.275-1-x86_64 downloading...
 hyprland-0.37.1-2-x86_64 downloading...
 libzip-1.10.1-1-x86_64 downloading...
 tomlplusplus-3.4.0-1-x86_64 downloading...
 libdisplay-info-0.1.1-3-x86_64 downloading...
 hyprcursor-0.1.5-1-x86_64 downloading...
 hyprlang-0.5.0-1-x86_64 downloading...
 seatd-0.8.0-1-x86_64 downloading...
 libliftoff-0.4.1-1-x86_64 downloading...
 xcb-util-errors-1.0.1-1-x86_64 downloading...
checking keyring...
 vulkan-validation-layers-1.3.275-1-x86_64 downloading...
 hyprland-0.37.1-2-x86_64 downloading...
 libzip-1.10.1-1-x86_64 downloading...
 tomlplusplus-3.4.0-1-x86_64 downloading...
 libdisplay-info-0.1.1-3-x86_64 downloading...
 hyprcursor-0.1.5-1-x86_64 downloading...
 hyprlang-0.5.0-1-x86_64 downloading...
 seatd-0.8.0-1-x86_64 downloading...
 libliftoff-0.4.1-1-x86_64 downloading...
 xcb-util-errors-1.0.1-1-x86_64 downloading...
checking keyring...
checking package integrity...
checking package integrity...
loading package files...
loading package files...
checking for file conflicts...
checking for file conflicts...
checking available disk space...
checking available disk space...
:: Processing package changes...
installing hyprlang...
:: Processing package changes...
installing hyprlang...
installing libzip...
installing libzip...
installing hyprcursor...
installing hyprcursor...
installing libdisplay-info...
installing libdisplay-info...
installing libliftoff...
installing libliftoff...
installing seatd...
installing seatd...
installing tomlplusplus...
installing tomlplusplus...
installing vulkan-validation-layers...
installing vulkan-validation-layers...
installing xcb-util-errors...
installing xcb-util-errors...
installing hyprland...
installing hyprland...
Optional dependencies for hyprland
    cmake: to build and install plugins using hyprpm
    cpio: to build and install plugins using hyprpm
    meson: to build and install plugins using hyprpm [installed]
Optional dependencies for hyprland
    cmake: to build and install plugins using hyprpm
    cpio: to build and install plugins using hyprpm
    meson: to build and install plugins using hyprpm [installed]
:: Running post-transaction hooks...
(1/4) Creating system user accounts...
:: Running post-transaction hooks...
(1/4) Creating system user accounts...
Creating group 'seat' with GID 957.
Creating group 'seat' with GID 957.
(2/4) Reloading system manager configuration...
(2/4) Reloading system manager configuration...
(3/4) Arming ConditionNeedsUpdate...
(3/4) Arming ConditionNeedsUpdate...
(4/4) Updating executables in /usr/bin...
(4/4) Updating executables in /usr/bin...
[1A[K[32m[OK](B[m hyprland was installed.
